PLINK v1.9.0-b.7.6 64-bit (13 Oct 2024)
Options in effect:
  --allow-extra-chr
  --bfile data/final_combined
  --out data/profile/prs_for_asthma
  --score data/prs/asthma.txt 1 2 3

Hostname: Kevins-MacBook-Pro-2.local
Working directory: /Users/kevinmbp/Desktop/DSC180/Make_Graph
Start time: Sat Nov 23 22:51:52 2024

Random number seed: 1732431112
32768 MB RAM detected; reserving 16384 MB for main workspace.
1515340 variants loaded from .bim file.
490 people (0 males, 1 female, 489 ambiguous) loaded from .fam.
Ambiguous sex IDs written to data/profile/prs_for_asthma.nosex .
Using 1 thread (no multithreaded calculations invoked).
Before main variant filters, 490 founders and 0 nonfounders present.
Calculating allele frequencies... done.
Total genotyping rate is 0.747417.
1515340 variants and 490 people pass filters and QC.
Note: No phenotypes present.
Warning: 7787899 lines skipped in --score file (7624744 due to variant ID
mismatch, 163155 due to allele code mismatch); see
data/profile/prs_for_asthma.nopred for details.
--score: 1232936 valid predictors loaded.
--score: Results written to data/profile/prs_for_asthma.profile .

End time: Sat Nov 23 22:51:56 2024
