PLINK v1.9.0-b.7.6 64-bit (13 Oct 2024)
Options in effect:
  --bfile data/1000G_combined
  --keep train_ids.txt
  --make-bed
  --out data/train_combined

Hostname: Kevins-MacBook-Pro-2.local
Working directory: /Users/kevinmbp/Desktop/DSC180/PRS_Final
Start time: Sat Nov 23 16:07:53 2024

Random number seed: 1732406873
32768 MB RAM detected; reserving 16384 MB for main workspace.
1190321 variants loaded from .bim file.
489 people (0 males, 0 females, 489 ambiguous) loaded from .fam.
Ambiguous sex IDs written to data/train_combined.nosex .
--keep: 258 people remaining.
Using 1 thread (no multithreaded calculations invoked).
Before main variant filters, 258 founders and 0 nonfounders present.
Calculating allele frequencies... done.
Total genotyping rate in remaining samples is exactly 1.
1190321 variants and 258 people pass filters and QC.
Note: No phenotypes present.
--make-bed to data/train_combined.bed + data/train_combined.bim +
data/train_combined.fam ... done.

End time: Sat Nov 23 16:07:54 2024
